(---------------------------------------------------------------------)
(                                                                     )
(    Allegro Netrev Import Logic                                      )
(                                                                     )
(    Drawing          : PSclass.brd                                   )
(    Software Version : 17.2S024                                      )
(    Date/Time        : Thu Jan 04 11:23:18 2018                      )
(                                                                     )
(---------------------------------------------------------------------)


------ Directives ------------

Ripup etch:                  No
Ripup delete first segment:  No
Ripup retain bondwire:       No
Ripup symbols:               Always
Missing symbol has error:    No
DRC update:                  Yes
Schematic directory:         'F:\ORCAD\POWERSUPPLY\allegro'
Design Directory:            'F:/Orcad'
Old design name:             'F:/Orcad/PSclass.brd'
New design name:             'F:/Orcad/PSclass.brd'

CmdLine: netrev.exe -y 1 -n -i F:\ORCAD\POWERSUPPLY\allegro F:\Orcad\PSclass F:\Orcad\PSclass

------ Preparing to read pst files ------

Starting to read F:/ORCAD/POWERSUPPLY/allegro/pstchip.dat 
   Finished reading F:/ORCAD/POWERSUPPLY/allegro/pstchip.dat (00:00:00.04)
Starting to read F:/ORCAD/POWERSUPPLY/allegro/pstxprt.dat 
   Finished reading F:/ORCAD/POWERSUPPLY/allegro/pstxprt.dat (00:00:00.00)
Starting to read F:/ORCAD/POWERSUPPLY/allegro/pstxnet.dat 
   Finished reading F:/ORCAD/POWERSUPPLY/allegro/pstxnet.dat (00:00:00.00)

------ Oversights/Warnings/Errors ------


------ Library Paths ------
MODULEPATH =  . 
           c:/cadence/spb_17.2/share/local/pcb/modules 

PSMPATH =  . 
           symbols 
           .. 
           ../symbols 
           c:/cadence/spb_17.2/share/local/pcb/symbols 
           c:/cadence/spb_17.2/share/pcb/pcb_lib/symbols 
           c:/cadence/spb_17.2/share/pcb/allegrolib/symbols 

PADPATH =  . 
           symbols 
           .. 
           ../symbols 
           c:/cadence/spb_17.2/share/local/pcb/padstacks 
           c:/cadence/spb_17.2/share/pcb/pcb_lib/symbols 
           c:/cadence/spb_17.2/share/pcb/allegrolib/symbols 


------ Summary Statistics ------


netrev run on Jan 4 11:23:18 2018
   DESIGN NAME : 'BRIDGESUPPLY'
   PACKAGING ON Mar 20 2017 11:21:40

   COMPILE 'logic'
   CHECK_PIN_NAMES OFF
   CROSS_REFERENCE OFF
   FEEDBACK OFF
   INCREMENTAL OFF
   INTERFACE_TYPE PHYSICAL
   MAX_ERRORS 500
   MERGE_MINIMUM 5
   NET_NAME_CHARS '#%&()*+-./:=>?@[]^_`|'
   NET_NAME_LENGTH 24
   OVERSIGHTS ON
   REPLACE_CHECK OFF
   SINGLE_NODE_NETS ON
   SPLIT_MINIMUM 0
   SUPPRESS   20
   WARNINGS ON

 No error detected
 No oversight detected
 No warning detected

cpu time      0:00:39
elapsed time  0:00:01

