# 
# ===============================================================================
#                               Allegro PCB Router                               
# Copyright 1990-2010 Cadence Design Systems, Inc.  All Rights Reserved.
# ===============================================================================
# 
# Software licensed for sale by Cadence Design Systems, Inc.
# Current time = Thu Jan 04 11:31:25 2018
# 
# Allegro PCB Router v17-2-50 made 2017/01/16 at 14:16:53
# Running on: kapany-201, OS Version: WindowsNT 6.2.9200, Architecture: Intel Pentium II, III, or 4
# Licensing: The program will not obey any unlicensed rules
# No graphics will be displayed.
# Design Name F:/Orcad\PSclass.dsn
# Batch File Name: pasde.do
# Did File Name: F:/Orcad/specctra.did
# Current time = Thu Jan 04 11:31:26 2018
# PCB F:/Orcad
# Master Unit set up as: MIL 1000
# PCB Limits xlo=4335.0000 ylo=10070.0000 xhi=14565.0000 yhi=12930.0000
# Total 3 Images Consolidated.
# Via VIA z=1, 2 xlo=-12.0000 ylo=-12.0000 xhi= 12.0000 yhi= 12.0000
# 
#    VIA     TOP  BOTTOM
# 
#    TOP  ------   VIA  
# BOTTOM   VIA    ------
# 
# Wires Processed 10, Vias Processed 0
# Using colormap in design file.
# Layers Processed: Signal Layers 2
# Components Placed 10, Images Processed 10, Padstacks Processed 7
# Nets Processed 7, Net Terminals 19
# PCB Area=24180000.000  EIC=1  Area/EIC=24180000.000  SMDs=0
# Total Pin Count: 19
# Signal Connections Created 12
# 
# Design Rules --------------------------------------------
# Via Grid 0.0100 with offset 0.0000
# Layer TOP Horz Signal Wire Grid 0.0100 with offset 0.0000, Width= 5.0000, Clearance= 5.0000
# Layer BOTTOM Vert Signal Wire Grid 0.0100 with offset 0.0000, Width= 5.0000, Clearance= 5.0000
# Cpu Time = 0:00:00  Elapsed Time = 0:00:00
# 
# Wiring Statistics ----------------- F:/Orcad\PSclass.dsn
# Nets 7 Connections 13 Unroutes 12
# Signal Layers 2 Power Layers 0
# Wire Junctions 0, at vias 0 Total Vias 0
# Percent Connected    0.00
# Manhattan Length 34566.0000 Horizontal 28577.4570 Vertical 5988.5430
# Routed Length 9095.0000 Horizontal 6980.0000 Vertical 2115.0000
# Ratio Actual / Manhattan   0.2631
# Unconnected Length 32416.0000 Horizontal 26881.5000 Vertical 5534.5000
# Total Conflicts: 1 (Cross: 0, Clear: 1, Xtalk: 0, Length: 0, Polygon Clear: 0 )
# Cpu Time = 0:00:00  Elapsed Time = 0:00:00
# Loading Do File pasde.do ...
# Loading Do File F:/Orcad\PSclass_rules.do ...
# Colormap Written to File _notify.std
# Enter command <# Loading Do File C:/Users/Lab1/AppData/Local/Temp/#Taaaaah03140.tmp ...
# All Components Unselected.
# All Nets Unselected.
set route_diagonal 0
grid wire 0.010000 (direction x) (offset 0.000000)
grid wire 0.010000 (direction y) (offset 0.000000)
grid via 0.010000 (direction x) (offset 0.000000)
grid via 0.010000 (direction y) (offset 0.000000)
protect all wires
# All Wires Protected.
direction TOP horizontal
select layer TOP
unprotect layer_wires TOP
# Wires on layer TOP were Unprotected.
direction BOTTOM vertical
unselect layer BOTTOM
# <<WARNING:>> IRoute: Interactive layer(s) disabled for autorouting: BOTTOM
unprotect layer_wires BOTTOM
# Wires on layer BOTTOM were Unprotected.
cost via -1
# System default cost will be used.
set turbo_stagger off
limit outside -1
rule pcb (patterns_allowed  trombone accordion)
set pattern_stacking on
rule pcb (sawtooth_amplitude -1 -1)
rule pcb (sawtooth_gap -1)
rule pcb (accordion_amplitude -1 -1)
rule pcb (accordion_gap -1)
rule pcb (trombone_run_length -1)
rule pcb (trombone_gap -1)
unprotect selected
# All Selected Wires Unprotected.
route 25 1
# Command route detected pcb layer rule(s), mcm via rule(s), which require the RouteADV license feature.
# All unlicensed rules are being ignored.
# Command route will ignore pcb layer rule(s), mcm via rule(s)
# Current time = Thu Jan 04 11:31:29 2018
# 
#    VIA     TOP  BOTTOM
# 
#    TOP  ------   VIA  
# BOTTOM   VIA    ------
# 
# 
# Design Rules --------------------------------------------
# Via Grid 0.0100 with offset 0.0000
# Layer TOP Horz Signal Wire Grid 0.0100 with offset 0.0000, Width= 5.0000, Clearance= 5.0000
# Layer BOTTOM Off  Signal Wire Grid 0.0100 with offset 0.0000, Width= 5.0000, Clearance= 5.0000
# 
# Wiring Statistics ----------------- F:/Orcad\PSclass.dsn
# Nets 7 Connections 13 Unroutes 12
# Signal Layers 2 Power Layers 0
# Wire Junctions 0, at vias 0 Total Vias 0
# Percent Connected    0.00
# Manhattan Length 34566.0000 Horizontal 28577.4570 Vertical 5988.5430
# Routed Length 9095.0000 Horizontal 6980.0000 Vertical 2115.0000
# Ratio Actual / Manhattan   0.2631
# Unconnected Length 32416.0000 Horizontal 26881.5000 Vertical 5534.5000
# Start Route Pass 1 of 25
# Routing 8 wires.
# Total Conflicts: 0 (Cross: 0, Clear: 0, Xtalk: 0, Length: 0, Polygon Clear: 0 )
# Total Unroutes: 9
# Attempts 7 Successes 7 Failures 0 Vias 0
# Cpu Time = 0:00:00  Elapsed Time = 0:00:00
# Command check detected pcb layer rule(s), mcm via rule(s), which require the RouteADV license feature.
# All unlicensed rules are being ignored.
# Command check will ignore pcb layer rule(s), mcm via rule(s)
# End Pass 1 of 25
# 2 bend points have been removed.
# 0 bend points have been removed.
# 0 bend points have been removed.
# Start Route Pass 2 of 25
# Routing 0 wires.
# Command check detected pcb layer rule(s), mcm via rule(s), which require the RouteADV license feature.
# All unlicensed rules are being ignored.
# Command check will ignore pcb layer rule(s), mcm via rule(s)
# Total Conflicts: 0 (Cross: 0, Clear: 0, Xtalk: 0, Length: 0, Polygon Clear: 0 )
# Total Unroutes: 9
# Attempts 0 Successes 0 Failures 0 Vias 0
# Cpu Time = 0:00:00  Elapsed Time = 0:00:00
# Command check detected pcb layer rule(s), mcm via rule(s), which require the RouteADV license feature.
# All unlicensed rules are being ignored.
# Command check will ignore pcb layer rule(s), mcm via rule(s)
# End Pass 2 of 25
# Cpu Time = 0:00:00  Elapsed Time = 0:00:00
# 
# Design Rules --------------------------------------------
# Via Grid 0.0100 with offset 0.0000
# Layer TOP Horz Signal Wire Grid 0.0100 with offset 0.0000, Width= 5.0000, Clearance= 5.0000
# Layer BOTTOM Off  Signal Wire Grid 0.0100 with offset 0.0000, Width= 5.0000, Clearance= 5.0000
# Command check detected pcb layer rule(s), mcm via rule(s), which require the RouteADV license feature.
# All unlicensed rules are being ignored.
# Command check will ignore pcb layer rule(s), mcm via rule(s)
# ROUTING HISTORY ================================================================
#     Pass     |   Conflicts |    |     |     |     |    |Red|      CPU Time     |
#   Name   |No.| Cross| Clear|Fail|Unrte| Vias|XTalk|Len.| % |  Pass   |  Total  |
#----------+---+------+------+----+-----+-----+-----+----+---+---------+---------|
# Route    |  1|     0|     0|   0|    9|    0|    0|   0|  0|  0:00:00|  0:00:00|
# Route    |  2|     0|     0|   0|    9|    0|    0|   0|  0|  0:00:00|  0:00:00|
# Conflicts between polygon wires and fixed objects:   0
# Stub Violations:   0
# Net Order Violations:   0
# Diffpair Uncoupled Length Violations:   0
# Diffpair Phase Tolerance  Violations:   0
# Total layerset violations:   0
# Total layerset violations (exclude Fanout/Stagger/XNet Short side):   0
# Overall Routing Time: 0:00:00
# 
# Wiring Statistics ----------------- F:/Orcad\PSclass.dsn
# Nets 7 Connections 13 Unroutes 9
# Signal Layers 2 Power Layers 0
# Wire Junctions 0, at vias 0 Total Vias 0
# Percent Connected   30.77
# Manhattan Length 34116.0000 Horizontal 28223.3860 Vertical 5892.6140
# Routed Length 9965.0000 Horizontal 7600.0000 Vertical 2365.0000
# Ratio Actual / Manhattan   0.2921
# Unconnected Length 30916.0000 Horizontal 25981.5000 Vertical 4934.5000
clean 2
# Command clean detected pcb layer rule(s), mcm via rule(s), which require the RouteADV license feature.
# All unlicensed rules are being ignored.
# Command clean will ignore pcb layer rule(s), mcm via rule(s)
# Current time = Thu Jan 04 11:31:29 2018
# 
#    VIA     TOP  BOTTOM
# 
#    TOP  ------   VIA  
# BOTTOM   VIA    ------
# 
# 
# Design Rules --------------------------------------------
# Via Grid 0.0100 with offset 0.0000
# Layer TOP Horz Signal Wire Grid 0.0100 with offset 0.0000, Width= 5.0000, Clearance= 5.0000
# Layer BOTTOM Off  Signal Wire Grid 0.0100 with offset 0.0000, Width= 5.0000, Clearance= 5.0000
# 
# Wiring Statistics ----------------- F:/Orcad\PSclass.dsn
# Nets 7 Connections 13 Unroutes 9
# Signal Layers 2 Power Layers 0
# Wire Junctions 0, at vias 0 Total Vias 0
# Percent Connected   30.77
# Manhattan Length 34116.0000 Horizontal 28223.3860 Vertical 5892.6140
# Routed Length 9965.0000 Horizontal 7600.0000 Vertical 2365.0000
# Ratio Actual / Manhattan   0.2921
# Unconnected Length 30916.0000 Horizontal 25981.5000 Vertical 4934.5000
# Start Clean Pass 1 of 2
# Routing 6 wires.
# Command check detected pcb layer rule(s), mcm via rule(s), which require the RouteADV license feature.
# All unlicensed rules are being ignored.
# Command check will ignore pcb layer rule(s), mcm via rule(s)
# Total Conflicts: 0 (Cross: 0, Clear: 0, Xtalk: 0, Length: 0, Polygon Clear: 0 )
# Total Unroutes: 9
# Attempts 6 Successes 6 Failures 0 Vias 0
# Cpu Time = 0:00:00  Elapsed Time = 0:00:00
# Command check detected pcb layer rule(s), mcm via rule(s), which require the RouteADV license feature.
# All unlicensed rules are being ignored.
# Command check will ignore pcb layer rule(s), mcm via rule(s)
# End Pass 1 of 2
# Start Clean Pass 2 of 2
# Routing 7 wires.
# Command check detected pcb layer rule(s), mcm via rule(s), which require the RouteADV license feature.
# All unlicensed rules are being ignored.
# Command check will ignore pcb layer rule(s), mcm via rule(s)
# 0 bend points have been removed.
# 0 bend points have been removed.
# 0 bend points have been removed.
# Total Conflicts: 0 (Cross: 0, Clear: 0, Xtalk: 0, Length: 0, Polygon Clear: 0 )
# Total Unroutes: 9
# Attempts 7 Successes 7 Failures 0 Vias 0
# Cpu Time = 0:00:00  Elapsed Time = 0:00:00
# Command check detected pcb layer rule(s), mcm via rule(s), which require the RouteADV license feature.
# All unlicensed rules are being ignored.
# Command check will ignore pcb layer rule(s), mcm via rule(s)
# End Pass 2 of 2
# Cpu Time = 0:00:00  Elapsed Time = 0:00:01
# 
# Design Rules --------------------------------------------
# Via Grid 0.0100 with offset 0.0000
# Layer TOP Horz Signal Wire Grid 0.0100 with offset 0.0000, Width= 5.0000, Clearance= 5.0000
# Layer BOTTOM Off  Signal Wire Grid 0.0100 with offset 0.0000, Width= 5.0000, Clearance= 5.0000
# Command check detected pcb layer rule(s), mcm via rule(s), which require the RouteADV license feature.
# All unlicensed rules are being ignored.
# Command check will ignore pcb layer rule(s), mcm via rule(s)
# ROUTING HISTORY ================================================================
#     Pass     |   Conflicts |    |     |     |     |    |Red|      CPU Time     |
#   Name   |No.| Cross| Clear|Fail|Unrte| Vias|XTalk|Len.| % |  Pass   |  Total  |
#----------+---+------+------+----+-----+-----+-----+----+---+---------+---------|
# Route    |  1|     0|     0|   0|    9|    0|    0|   0|  0|  0:00:00|  0:00:00|
# Route    |  2|     0|     0|   0|    9|    0|    0|   0|  0|  0:00:00|  0:00:00|
# Clean    |  3|     0|     0|   0|    9|    0|    0|   0|   |  0:00:00|  0:00:00|
# Clean    |  4|     0|     0|   0|    9|    0|    0|   0|   |  0:00:00|  0:00:00|
# Conflicts between polygon wires and fixed objects:   0
# Stub Violations:   0
# Net Order Violations:   0
# Diffpair Uncoupled Length Violations:   0
# Diffpair Phase Tolerance  Violations:   0
# Total layerset violations:   0
# Total layerset violations (exclude Fanout/Stagger/XNet Short side):   0
# Overall Routing Time: 0:00:00
# 
# Wiring Statistics ----------------- F:/Orcad\PSclass.dsn
# Nets 7 Connections 13 Unroutes 9
# Signal Layers 2 Power Layers 0
# Wire Junctions 0, at vias 0 Total Vias 0
# Percent Connected   30.77
# Manhattan Length 34116.0000 Horizontal 28223.3860 Vertical 5892.6140
# Routed Length 9915.0000 Horizontal 7550.0000 Vertical 2365.0000
# Ratio Actual / Manhattan   0.2906
# Unconnected Length 30916.0000 Horizontal 25981.5000 Vertical 4934.5000
write routes (changed_only) (reset_changed) C:/Users/Lab1/AppData/Local/Temp/#Taaaaai03140.tmp
# Routing Written to File C:/Users/Lab1/AppData/Local/Temp/#Taaaaai03140.tmp
quit
