(---------------------------------------------------------------------)
(                                                                     )
(    ARTWORK LOG                                                      )
(                                                                     )
(    Drawing          : bridgePS.brd                                  )
(    Software Version : 17.2S024                                      )
(    Date/Time        : Fri Jan 05 09:53:36 2018                      )
(                                                                     )
(---------------------------------------------------------------------)


 ---- Photoplot outline rectangle not found; using drawing extents.



Results from parameter file ...
    DEVICE-TYPE           GERBER_RS274X
    OUTPUT-UNITS          INCHES
    FILM-SIZE             2400000 1600000
    FORMAT                2.5
    ABORT-ON-ERROR        NO
    SCALE                 1
    SUPPRESS-LEAD-ZEROES  YES
    SUPPRESS-TRAIL-ZEROES NO
    SUPPRESS-EQUAL        YES
    UNDEF-APT-CONT        NO



================================================================
     PROCESSING FILM < TOP >
     TO FILE < F:/Orcad/POWERsupply/TOP.art > ...
================================================================

  FILM PARAMETERS :
  ---------------------------------------------------------
  Undefined line width                0.00
  Mirror code                         NONE
  Rotate angle                        NONE
  Offset x:                           0.00
  Offset y:                           0.00
  Plot negative                       NO
  Suppress unconnected internal pads  NO
  Draw holes only                     NO



  APERTURES USED:
  ---------------------------------------------------------
  TYPE       SIZE/NAME                   ROT   MIRROR MODE 
  ---------------------------------------------------------
  CIRCLE     0.00500                                  DARK 
  CIRCLE     0.01500                                  DARK 
  CIRCLE     0.02000                                  DARK 
  CIRCLE     0.04500                                  DARK 
  CIRCLE     0.05500                                  DARK 
  CIRCLE     0.06000                                  DARK 
  CIRCLE     0.07100                                  DARK 
  SQUARE     0.05500                     0.000 NO     DARK 
  SQUARE     0.07100                     0.000 NO     DARK 

     TOP created.


================================================================
     PROCESSING FILM < BOTTOM >
     TO FILE < F:/Orcad/POWERsupply/BOTTOM.art > ...
================================================================

  FILM PARAMETERS :
  ---------------------------------------------------------
  Undefined line width                0.00
  Mirror code                         NONE
  Rotate angle                        NONE
  Offset x:                           0.00
  Offset y:                           0.00
  Plot negative                       NO
  Suppress unconnected internal pads  NO
  Draw holes only                     NO



  APERTURES USED:
  ---------------------------------------------------------
  TYPE       SIZE/NAME                   ROT   MIRROR MODE 
  ---------------------------------------------------------
  CIRCLE     0.04500                                  DARK 
  CIRCLE     0.05500                                  DARK 
  CIRCLE     0.06000                                  DARK 
  CIRCLE     0.07100                                  DARK 
  SQUARE     0.05500                     0.000 NO     DARK 
  SQUARE     0.07100                     0.000 NO     DARK 

     BOTTOM created.


------------------------------------------------------
 SUMMARY:
        TOP created.
        BOTTOM created.

 ARTWORK finished
