# 
# ===============================================================================
#                               Allegro PCB Router                               
# Copyright 1990-2010 Cadence Design Systems, Inc.  All Rights Reserved.
# ===============================================================================
# 
# Software licensed for sale by Cadence Design Systems, Inc.
# Current time = Wed Jan 03 17:05:35 2018
# 
# Allegro PCB Router v17-2-50 made 2017/01/16 at 14:16:53
# Running on: kapany-201, OS Version: WindowsNT 6.2.9200, Architecture: Intel Pentium II, III, or 4
# Licensing: The program will not obey any unlicensed rules
# No graphics will be displayed.
# Design Name F:/Orcad/POWERsupply\newPowerSupply.dsn
# Batch File Name: pasde.do
# Did File Name: F:/Orcad/POWERsupply/specctra.did
# Current time = Wed Jan 03 17:05:36 2018
# PCB F:/Orcad/POWERsupply
# Master Unit set up as: MIL 1000
# PCB Limits xlo=2650.0000 ylo=11505.0000 xhi=5950.0000 yhi=13595.0000
# Total 5 Images Consolidated.
# Via VIA z=1, 2 xlo=-12.0000 ylo=-12.0000 xhi= 12.0000 yhi= 12.0000
# 
#    VIA     TOP  BOTTOM
# 
#    TOP  ------   VIA  
# BOTTOM   VIA    ------
# 
# Wires Processed 0, Vias Processed 0
# Using colormap in design file.
# Layers Processed: Signal Layers 2
# Components Placed 10, Images Processed 16, Padstacks Processed 7
# Nets Processed 6, Net Terminals 19
# PCB Area=5700000.000  EIC=1  Area/EIC=5700000.000  SMDs=0
# Total Pin Count: 19
# Signal Connections Created 13
# 
# Design Rules --------------------------------------------
# Via Grid 0.0100 with offset 0.0000
# Layer TOP Horz Signal Wire Grid 0.0100 with offset 0.0000, Width= 5.0000, Clearance= 5.0000
# Layer BOTTOM Vert Signal Wire Grid 0.0100 with offset 0.0000, Width= 5.0000, Clearance= 5.0000
# Cpu Time = 0:00:00  Elapsed Time = 0:00:00
# 
# Wiring Statistics ----------------- F:/Orcad/POWERsupply\newPowerSupply.dsn
# Nets 6 Connections 13 Unroutes 13
# Signal Layers 2 Power Layers 0
# Wire Junctions 0, at vias 0 Total Vias 0
# Percent Connected    0.00
# Manhattan Length 10650.0000 Horizontal 6350.0000 Vertical 4300.0000
# Routed Length   0.0000 Horizontal   0.0000 Vertical   0.0000
# Ratio Actual / Manhattan   0.0000
# Unconnected Length 10650.0000 Horizontal 5950.0000 Vertical 4700.0000
# Total Conflicts: 0 (Cross: 0, Clear: 0, Xtalk: 0, Length: 0, Polygon Clear: 0 )
# Cpu Time = 0:00:00  Elapsed Time = 0:00:00
# Loading Do File pasde.do ...
# Loading Do File F:/Orcad/POWERsupply\newPowerSupply_rules.do ...
# Colormap Written to File _notify.std
# Enter command <# Loading Do File C:/Users/Lab1/AppData/Local/Temp/#Taaaaae01192.tmp ...
# All Components Unselected.
# All Nets Unselected.
set route_diagonal 0
grid wire 0.010000 (direction x) (offset 0.000000)
grid wire 0.010000 (direction y) (offset 0.000000)
grid via 0.010000 (direction x) (offset 0.000000)
grid via 0.010000 (direction y) (offset 0.000000)
protect all wires
# All Wires Protected.
direction TOP horizontal
select layer TOP
unprotect layer_wires TOP
# Wires on layer TOP were Unprotected.
direction BOTTOM vertical
unselect layer BOTTOM
# <<WARNING:>> IRoute: Interactive layer(s) disabled for autorouting: BOTTOM
unprotect layer_wires BOTTOM
# Wires on layer BOTTOM were Unprotected.
cost via -1
# System default cost will be used.
set turbo_stagger off
limit outside -1
rule pcb (patterns_allowed  trombone accordion)
set pattern_stacking on
rule pcb (sawtooth_amplitude -1 -1)
rule pcb (sawtooth_gap -1)
rule pcb (accordion_amplitude -1 -1)
rule pcb (accordion_gap -1)
rule pcb (trombone_run_length -1)
rule pcb (trombone_gap -1)
unprotect selected
# All Selected Wires Unprotected.
route 25 1
# Command route detected pcb layer rule(s), mcm via rule(s), which require the RouteADV license feature.
# All unlicensed rules are being ignored.
# Command route will ignore pcb layer rule(s), mcm via rule(s)
# Current time = Wed Jan 03 17:05:40 2018
# 
#    VIA     TOP  BOTTOM
# 
#    TOP  ------   VIA  
# BOTTOM   VIA    ------
# 
# 
# Design Rules --------------------------------------------
# Via Grid 0.0100 with offset 0.0000
# Layer TOP Horz Signal Wire Grid 0.0100 with offset 0.0000, Width= 5.0000, Clearance= 5.0000
# Layer BOTTOM Off  Signal Wire Grid 0.0100 with offset 0.0000, Width= 5.0000, Clearance= 5.0000
# 
# Wiring Statistics ----------------- F:/Orcad/POWERsupply\newPowerSupply.dsn
# Nets 6 Connections 13 Unroutes 13
# Signal Layers 2 Power Layers 0
# Wire Junctions 0, at vias 0 Total Vias 0
# Percent Connected    0.00
# Manhattan Length 10650.0000 Horizontal 6350.0000 Vertical 4300.0000
# Routed Length   0.0000 Horizontal   0.0000 Vertical   0.0000
# Ratio Actual / Manhattan   0.0000
# Unconnected Length 10650.0000 Horizontal 5950.0000 Vertical 4700.0000
# Start Route Pass 1 of 25
# Routing 13 wires.
# Total Conflicts: 5 (Cross: 5, Clear: 0, Xtalk: 0, Length: 0, Polygon Clear: 0 )
# Total Unroutes: 0
# Attempts 13 Successes 13 Failures 0 Vias 0
# Cpu Time = 0:00:00  Elapsed Time = 0:00:00
# Command check detected pcb layer rule(s), mcm via rule(s), which require the RouteADV license feature.
# All unlicensed rules are being ignored.
# Command check will ignore pcb layer rule(s), mcm via rule(s)
# End Pass 1 of 25
# 4 bend points have been removed.
# 0 bend points have been removed.
# 0 bend points have been removed.
# Start Route Pass 2 of 25
# Routing 9 wires.
# Command check detected pcb layer rule(s), mcm via rule(s), which require the RouteADV license feature.
# All unlicensed rules are being ignored.
# Command check will ignore pcb layer rule(s), mcm via rule(s)
# 4 bend points have been removed.
# 0 bend points have been removed.
# 0 bend points have been removed.
# Total Conflicts: 0 (Cross: 0, Clear: 0, Xtalk: 0, Length: 0, Polygon Clear: 0 )
# Total Unroutes: 0
# Attempts 9 Successes 9 Failures 0 Vias 0
# Cpu Time = 0:00:00  Elapsed Time = 0:00:00
# Command check detected pcb layer rule(s), mcm via rule(s), which require the RouteADV license feature.
# All unlicensed rules are being ignored.
# Command check will ignore pcb layer rule(s), mcm via rule(s)
# End Pass 2 of 25
# Cpu Time = 0:00:01  Elapsed Time = 0:00:01
# 
# Design Rules --------------------------------------------
# Via Grid 0.0100 with offset 0.0000
# Layer TOP Horz Signal Wire Grid 0.0100 with offset 0.0000, Width= 5.0000, Clearance= 5.0000
# Layer BOTTOM Off  Signal Wire Grid 0.0100 with offset 0.0000, Width= 5.0000, Clearance= 5.0000
# Command check detected pcb layer rule(s), mcm via rule(s), which require the RouteADV license feature.
# All unlicensed rules are being ignored.
# Command check will ignore pcb layer rule(s), mcm via rule(s)
# ROUTING HISTORY ================================================================
#     Pass     |   Conflicts |    |     |     |     |    |Red|      CPU Time     |
#   Name   |No.| Cross| Clear|Fail|Unrte| Vias|XTalk|Len.| % |  Pass   |  Total  |
#----------+---+------+------+----+-----+-----+-----+----+---+---------+---------|
# Route    |  1|     5|     0|   0|    0|    0|    0|   0|  0|  0:00:00|  0:00:00|
# Route    |  2|     0|     0|   0|    0|    0|    0|   0|100|  0:00:00|  0:00:00|
# Conflicts between polygon wires and fixed objects:   0
# Stub Violations:   0
# Net Order Violations:   0
# Diffpair Uncoupled Length Violations:   0
# Diffpair Phase Tolerance  Violations:   0
# Total layerset violations:   0
# Total layerset violations (exclude Fanout/Stagger/XNet Short side):   0
# Overall Routing Time: 0:00:00
# 
# Wiring Statistics ----------------- F:/Orcad/POWERsupply\newPowerSupply.dsn
# Nets 6 Connections 13 Unroutes 0
# Signal Layers 2 Power Layers 0
# Wire Junctions 5, at vias 0 Total Vias 0
# Percent Connected  100.00
# Manhattan Length 10650.0000 Horizontal 6350.0000 Vertical 4300.0000
# Routed Length 13986.0000 Horizontal 8915.0000 Vertical 5071.0000
# Ratio Actual / Manhattan   1.3132
# Unconnected Length   0.0000 Horizontal   0.0000 Vertical   0.0000
clean 2
# Command clean detected pcb layer rule(s), mcm via rule(s), which require the RouteADV license feature.
# All unlicensed rules are being ignored.
# Command clean will ignore pcb layer rule(s), mcm via rule(s)
# Current time = Wed Jan 03 17:05:41 2018
# 
#    VIA     TOP  BOTTOM
# 
#    TOP  ------   VIA  
# BOTTOM   VIA    ------
# 
# 
# Design Rules --------------------------------------------
# Via Grid 0.0100 with offset 0.0000
# Layer TOP Horz Signal Wire Grid 0.0100 with offset 0.0000, Width= 5.0000, Clearance= 5.0000
# Layer BOTTOM Off  Signal Wire Grid 0.0100 with offset 0.0000, Width= 5.0000, Clearance= 5.0000
# 
# Wiring Statistics ----------------- F:/Orcad/POWERsupply\newPowerSupply.dsn
# Nets 6 Connections 13 Unroutes 0
# Signal Layers 2 Power Layers 0
# Wire Junctions 5, at vias 0 Total Vias 0
# Percent Connected  100.00
# Manhattan Length 10650.0000 Horizontal 6350.0000 Vertical 4300.0000
# Routed Length 13986.0000 Horizontal 8915.0000 Vertical 5071.0000
# Ratio Actual / Manhattan   1.3132
# Unconnected Length   0.0000 Horizontal   0.0000 Vertical   0.0000
# Start Clean Pass 1 of 2
# Routing 18 wires.
# Command check detected pcb layer rule(s), mcm via rule(s), which require the RouteADV license feature.
# All unlicensed rules are being ignored.
# Command check will ignore pcb layer rule(s), mcm via rule(s)
# Total Conflicts: 0 (Cross: 0, Clear: 0, Xtalk: 0, Length: 0, Polygon Clear: 0 )
# Total Unroutes: 0
# Attempts 17 Successes 17 Failures 0 Vias 0
# Cpu Time = 0:00:00  Elapsed Time = 0:00:00
# Command check detected pcb layer rule(s), mcm via rule(s), which require the RouteADV license feature.
# All unlicensed rules are being ignored.
# Command check will ignore pcb layer rule(s), mcm via rule(s)
# End Pass 1 of 2
# Start Clean Pass 2 of 2
# Routing 21 wires.
# Command check detected pcb layer rule(s), mcm via rule(s), which require the RouteADV license feature.
# All unlicensed rules are being ignored.
# Command check will ignore pcb layer rule(s), mcm via rule(s)
# 0 bend points have been removed.
# 0 bend points have been removed.
# 0 bend points have been removed.
# Total Conflicts: 0 (Cross: 0, Clear: 0, Xtalk: 0, Length: 0, Polygon Clear: 0 )
# Total Unroutes: 0
# Attempts 17 Successes 17 Failures 0 Vias 0
# Cpu Time = 0:00:00  Elapsed Time = 0:00:01
# Command check detected pcb layer rule(s), mcm via rule(s), which require the RouteADV license feature.
# All unlicensed rules are being ignored.
# Command check will ignore pcb layer rule(s), mcm via rule(s)
# End Pass 2 of 2
# Cpu Time = 0:00:01  Elapsed Time = 0:00:01
# 
# Design Rules --------------------------------------------
# Via Grid 0.0100 with offset 0.0000
# Layer TOP Horz Signal Wire Grid 0.0100 with offset 0.0000, Width= 5.0000, Clearance= 5.0000
# Layer BOTTOM Off  Signal Wire Grid 0.0100 with offset 0.0000, Width= 5.0000, Clearance= 5.0000
# Command check detected pcb layer rule(s), mcm via rule(s), which require the RouteADV license feature.
# All unlicensed rules are being ignored.
# Command check will ignore pcb layer rule(s), mcm via rule(s)
# ROUTING HISTORY ================================================================
#     Pass     |   Conflicts |    |     |     |     |    |Red|      CPU Time     |
#   Name   |No.| Cross| Clear|Fail|Unrte| Vias|XTalk|Len.| % |  Pass   |  Total  |
#----------+---+------+------+----+-----+-----+-----+----+---+---------+---------|
# Route    |  1|     5|     0|   0|    0|    0|    0|   0|  0|  0:00:00|  0:00:00|
# Route    |  2|     0|     0|   0|    0|    0|    0|   0|100|  0:00:00|  0:00:00|
# Clean    |  3|     0|     0|   0|    0|    0|    0|   0|   |  0:00:00|  0:00:00|
# Clean    |  4|     0|     0|   0|    0|    0|    0|   0|   |  0:00:00|  0:00:00|
# Conflicts between polygon wires and fixed objects:   0
# Stub Violations:   0
# Net Order Violations:   0
# Diffpair Uncoupled Length Violations:   0
# Diffpair Phase Tolerance  Violations:   0
# Total layerset violations:   0
# Total layerset violations (exclude Fanout/Stagger/XNet Short side):   0
# Overall Routing Time: 0:00:00
# 
# Wiring Statistics ----------------- F:/Orcad/POWERsupply\newPowerSupply.dsn
# Nets 6 Connections 13 Unroutes 0
# Signal Layers 2 Power Layers 0
# Wire Junctions 5, at vias 0 Total Vias 0
# Percent Connected  100.00
# Manhattan Length 10397.5000 Horizontal 6205.6730 Vertical 4191.8270
# Routed Length 12804.5000 Horizontal 7627.5000 Vertical 5177.0000
# Ratio Actual / Manhattan   1.2315
# Unconnected Length   0.0000 Horizontal   0.0000 Vertical   0.0000
write routes (changed_only) (reset_changed) C:/Users/Lab1/AppData/Local/Temp/#Taaaaaf01192.tmp
# Routing Written to File C:/Users/Lab1/AppData/Local/Temp/#Taaaaaf01192.tmp
quit
