(---------------------------------------------------------------------)
(                                                                     )
(    Allegro Netrev Import Logic                                      )
(                                                                     )
(    Drawing          : LED.brd                                       )
(    Software Version : 17.2S024                                      )
(    Date/Time        : Tue Jan 02 13:23:42 2018                      )
(                                                                     )
(---------------------------------------------------------------------)


------ Directives ------------

Ripup etch:                  No
Ripup delete first segment:  No
Ripup retain bondwire:       No
Ripup symbols:               Always
Missing symbol has error:    No
DRC update:                  Yes
Schematic directory:         'F:\ORCAD\SCHEMATIC\allegro'
Design Directory:            'F:/Orcad/schematic'
Old design name:             'F:/Orcad/schematic/LED.brd'
New design name:             'F:/Orcad/schematic/LED.brd'

CmdLine: netrev.exe -y 1 -n -i F:\ORCAD\SCHEMATIC\allegro F:\Orcad\schematic\LED F:\Orcad\schematic\LED

------ Preparing to read pst files ------

Starting to read F:/ORCAD/SCHEMATIC/allegro/pstchip.dat 
   Finished reading F:/ORCAD/SCHEMATIC/allegro/pstchip.dat (00:00:00.06)
Starting to read F:/ORCAD/SCHEMATIC/allegro/pstxprt.dat 
   Finished reading F:/ORCAD/SCHEMATIC/allegro/pstxprt.dat (00:00:00.00)
Starting to read F:/ORCAD/SCHEMATIC/allegro/pstxnet.dat 
   Finished reading F:/ORCAD/SCHEMATIC/allegro/pstxnet.dat (00:00:00.00)

------ Oversights/Warnings/Errors ------


------ Library Paths ------
MODULEPATH =  . 
           c:/cadence/spb_17.2/share/local/pcb/modules 

PSMPATH =  . 
           symbols 
           .. 
           ../symbols 
           c:/cadence/spb_17.2/share/local/pcb/symbols 
           c:/cadence/spb_17.2/share/pcb/pcb_lib/symbols 
           c:/cadence/spb_17.2/share/pcb/allegrolib/symbols 

PADPATH =  . 
           symbols 
           .. 
           ../symbols 
           c:/cadence/spb_17.2/share/local/pcb/padstacks 
           c:/cadence/spb_17.2/share/pcb/pcb_lib/symbols 
           c:/cadence/spb_17.2/share/pcb/allegrolib/symbols 


------ Summary Statistics ------


netrev run on Jan 2 13:23:42 2018
   DESIGN NAME : 'PSPDE'
   PACKAGING ON Mar 20 2017 11:21:40

   COMPILE 'logic'
   CHECK_PIN_NAMES OFF
   CROSS_REFERENCE OFF
   FEEDBACK OFF
   INCREMENTAL OFF
   INTERFACE_TYPE PHYSICAL
   MAX_ERRORS 500
   MERGE_MINIMUM 5
   NET_NAME_CHARS '#%&()*+-./:=>?@[]^_`|'
   NET_NAME_LENGTH 24
   OVERSIGHTS ON
   REPLACE_CHECK OFF
   SINGLE_NODE_NETS ON
   SPLIT_MINIMUM 0
   SUPPRESS   20
   WARNINGS ON

 No error detected
 No oversight detected
 No warning detected

cpu time      0:01:48
elapsed time  0:00:01

